# JRE version: Java(TM) SE Runtime Environment (20.0.2+9) (build 20.0.2+9-78)
# Java VM: Java HotSpot(TM) 64-Bit Server VM (20.0.2+9-78, mixed mode, sharing, tiered, compressed oops, compressed class ptrs, g1 gc, windows-amd64)
GC Precious Log:
 CardTable entry size: 512
 Card Set container configuration: InlinePtr #cards 5 size 8 Array Of Cards #cards 12 size 40 Howl #buckets 4 coarsen threshold 1843 Howl Bitmap #cards 512 size 80 coarsen threshold 460 Card regions per heap region 1 cards per card region 2048
 CPUs: 8 total, 8 available
 Memory: 6005M
 Large Page Support: Disabled
 NUMA Support: Disabled
 Compressed Oops: Enabled (32-bit)
 Heap Region Size: 1M
 Heap Min Capacity: 8M
 Heap Initial Capacity: 94M
 Heap Max Capacity: 2G
 Pre-touch: Disabled
 Parallel Workers: 8
 Concurrent Workers: 2
 Concurrent Refinement Workers: 8
 Periodic GC: Disabled
Heap:
 garbage-first heap   total 293888K, used 256000K [0x0000000080000000, 0x0000000100000000)
  region size 1024K, 73 young (74752K), 12 survivors (12288K)
 Metaspace       used 114201K, committed 116416K, reserved 1179648K
  class space    used 15905K, committed 16960K, reserved 1048576K
GC Heap History (20 events):
Event: 31.142 GC heap before
{Heap before GC invocations=39 (full 0):
 garbage-first heap   total 201728K, used 159584K [0x0000000080000000, 0x0000000100000000)
  region size 1024K, 49 young (50176K), 6 survivors (6144K)
 Metaspace       used 97847K, committed 100032K, reserved 1179648K
  class space    used 13580K, committed 14656K, reserved 1048576K
}
Event: 31.151 GC heap after
{Heap after GC invocations=40 (full 0):
 garbage-first heap   total 201728K, used 120172K [0x0000000080000000, 0x0000000100000000)
  region size 1024K, 6 young (6144K), 6 survivors (6144K)
 Metaspace       used 97847K, committed 100032K, reserved 1179648K
  class space    used 13580K, committed 14656K, reserved 1048576K
}
Event: 32.139 GC heap before
{Heap before GC invocations=40 (full 0):
 garbage-first heap   total 201728K, used 187756K [0x0000000080000000, 0x0000000100000000)
  region size 1024K, 68 young (69632K), 6 survivors (6144K)
 Metaspace       used 99590K, committed 101696K, reserved 1179648K
  class space    used 13683K, committed 14720K, reserved 1048576K
}
Event: 32.149 GC heap after
{Heap after GC invocations=41 (full 0):
 garbage-first heap   total 201728K, used 123558K [0x0000000080000000, 0x0000000100000000)
  region size 1024K, 7 young (7168K), 7 survivors (7168K)
 Metaspace       used 99590K, committed 101696K, reserved 1179648K
  class space    used 13683K, committed 14720K, reserved 1048576K
}
Event: 33.728 GC heap before
{Heap before GC invocations=41 (full 0):
 garbage-first heap   total 201728K, used 181926K [0x0000000080000000, 0x0000000100000000)
  region size 1024K, 65 young (66560K), 7 survivors (7168K)
 Metaspace       used 101708K, committed 103872K, reserved 1179648K
  class space    used 13919K, committed 14976K, reserved 1048576K
}
Event: 33.739 GC heap after
{Heap after GC invocations=42 (full 0):
 garbage-first heap   total 201728K, used 128215K [0x0000000080000000, 0x0000000100000000)
  region size 1024K, 7 young (7168K), 7 survivors (7168K)
 Metaspace       used 101708K, committed 103872K, reserved 1179648K
  class space    used 13919K, committed 14976K, reserved 1048576K
}
Event: 37.031 GC heap before
{Heap before GC invocations=43 (full 0):
 garbage-first heap   total 234496K, used 180439K [0x0000000080000000, 0x0000000100000000)
  region size 1024K, 59 young (60416K), 7 survivors (7168K)
 Metaspace       used 102111K, committed 104256K, reserved 1179648K
  class space    used 13965K, committed 15040K, reserved 1048576K
}
Event: 37.040 GC heap after
{Heap after GC invocations=44 (full 0):
 garbage-first heap   total 234496K, used 131903K [0x0000000080000000, 0x0000000100000000)
  region size 1024K, 5 young (5120K), 5 survivors (5120K)
 Metaspace       used 102111K, committed 104256K, reserved 1179648K
  class space    used 13965K, committed 15040K, reserved 1048576K
}
Event: 38.564 GC heap before
{Heap before GC invocations=44 (full 0):
 garbage-first heap   total 234496K, used 212799K [0x0000000080000000, 0x0000000100000000)
  region size 1024K, 83 young (84992K), 5 survivors (5120K)
 Metaspace       used 102804K, committed 104896K, reserved 1179648K
  class space    used 14057K, committed 15104K, reserved 1048576K
}
Event: 38.577 GC heap after
{Heap after GC invocations=45 (full 0):
 garbage-first heap   total 234496K, used 142896K [0x0000000080000000, 0x0000000100000000)
  region size 1024K, 11 young (11264K), 11 survivors (11264K)
 Metaspace       used 102804K, committed 104896K, reserved 1179648K
  class space    used 14057K, committed 15104K, reserved 1048576K
}
Event: 43.434 GC heap before
{Heap before GC invocations=45 (full 0):
 garbage-first heap   total 234496K, used 209456K [0x0000000080000000, 0x0000000100000000)
  region size 1024K, 77 young (78848K), 11 survivors (11264K)
 Metaspace       used 103608K, committed 105792K, reserved 1179648K
  class space    used 14152K, committed 15232K, reserved 1048576K
}
Event: 43.460 GC heap after
{Heap after GC invocations=46 (full 0):
 garbage-first heap   total 236544K, used 154236K [0x0000000080000000, 0x0000000100000000)
  region size 1024K, 10 young (10240K), 10 survivors (10240K)
 Metaspace       used 103608K, committed 105792K, reserved 1179648K
  class space    used 14152K, committed 15232K, reserved 1048576K
}
Event: 45.695 GC heap before
{Heap before GC invocations=46 (full 0):
 garbage-first heap   total 236544K, used 210556K [0x0000000080000000, 0x0000000100000000)
  region size 1024K, 66 young (67584K), 10 survivors (10240K)
 Metaspace       used 107277K, committed 109376K, reserved 1179648K
  class space    used 14713K, committed 15744K, reserved 1048576K
}
Event: 45.709 GC heap after
{Heap after GC invocations=47 (full 0):
 garbage-first heap   total 236544K, used 161511K [0x0000000080000000, 0x0000000100000000)
  region size 1024K, 9 young (9216K), 9 survivors (9216K)
 Metaspace       used 107277K, committed 109376K, reserved 1179648K
  class space    used 14713K, committed 15744K, reserved 1048576K
}
Event: 46.122 GC heap before
{Heap before GC invocations=48 (full 0):
 garbage-first heap   total 293888K, used 210663K [0x0000000080000000, 0x0000000100000000)
  region size 1024K, 57 young (58368K), 9 survivors (9216K)
 Metaspace       used 107977K, committed 110080K, reserved 1179648K
  class space    used 14818K, committed 15872K, reserved 1048576K
}
Event: 46.137 GC heap after
{Heap after GC invocations=49 (full 0):
 garbage-first heap   total 293888K, used 170398K [0x0000000080000000, 0x0000000100000000)
  region size 1024K, 8 young (8192K), 8 survivors (8192K)
 Metaspace       used 107977K, committed 110080K, reserved 1179648K
  class space    used 14818K, committed 15872K, reserved 1048576K
}
Event: 46.673 GC heap before
{Heap before GC invocations=49 (full 0):
 garbage-first heap   total 293888K, used 255390K [0x0000000080000000, 0x0000000100000000)
  region size 1024K, 92 young (94208K), 8 survivors (8192K)
 Metaspace       used 111171K, committed 113344K, reserved 1179648K
  class space    used 15315K, committed 16384K, reserved 1048576K
}
Event: 46.696 GC heap after
{Heap after GC invocations=50 (full 0):
 garbage-first heap   total 293888K, used 181024K [0x0000000080000000, 0x0000000100000000)
  region size 1024K, 12 young (12288K), 12 survivors (12288K)
 Metaspace       used 111171K, committed 113344K, reserved 1179648K
  class space    used 15315K, committed 16384K, reserved 1048576K
}
Event: 47.035 GC heap before
{Heap before GC invocations=50 (full 0):
 garbage-first heap   total 293888K, used 258848K [0x0000000080000000, 0x0000000100000000)
  region size 1024K, 89 young (91136K), 12 survivors (12288K)
 Metaspace       used 113366K, committed 115584K, reserved 1179648K
  class space    used 15766K, committed 16832K, reserved 1048576K
}
Event: 47.060 GC heap after
{Heap after GC invocations=51 (full 0):
 garbage-first heap   total 293888K, used 195584K [0x0000000080000000, 0x0000000100000000)
  region size 1024K, 12 young (12288K), 12 survivors (12288K)
 Metaspace       used 113366K, committed 115584K, reserved 1179648K
  class space    used 15766K, committed 16832K, reserved 1048576K
}

